<?xml version="1.0" encoding="UTF-8"?>
<testng-results skipped="0" failed="0" total="1" passed="1">
  <reporter-output>
  </reporter-output>
  <suite name="TestingSuite" duration-ms="11027" started-at="2018-12-05T17:48:42Z" finished-at="2018-12-05T17:48:53Z">
    <groups>
    </groups>
    <test name="Test1" duration-ms="11027" started-at="2018-12-05T17:48:42Z" finished-at="2018-12-05T17:48:53Z">
      <class name="sampleClass">
        <test-method status="PASS" signature="sampleTest()[pri:0, instance:sampleClass@38082d64]" name="sampleTest" duration-ms="10997" started-at="2018-12-05T12:48:42Z" finished-at="2018-12-05T12:48:53Z">
          <reporter-output>
          </reporter-output>
        </test-method> <!-- sampleTest -->
      </class> <!-- sampleClass -->
    </test> <!-- Test1 -->
  </suite> <!-- TestingSuite -->
</testng-results>
